<?xml version="1.0" encoding="UTF-8"?>
<!-- Generated by org.testng.reporters.JUnitXMLReporter -->
<testsuite hostname="windows7-PC" ignored="0" name="Test" tests="5" failures="0" timestamp="30 Jun 2021 14:20:25 GMT" time="112.679" errors="0">
  <testcase name="testcase1" time="17.978" classname="com.vTiger.testscripts.TC_01Test"/>
  <testcase name="testcase2" time="6.429" classname="com.vTiger.testscripts.TC_2Test"/>
  <testcase name="testcase3" time="13.475" classname="com.vTiger.testscripts.Tc_3Test"/>
  <testcase name="testcase4" time="6.529" classname="com.vTiger.testscripts.TC_4Test"/>
  <testcase name="testcase5" time="14.678" classname="com.vTiger.testscripts.TC_5Test"/>
</testsuite> <!-- Test -->
