<?xml version="1.0" encoding="UTF-8"?>
<testng-results skipped="0" failed="0" ignored="0" total="5" passed="5">
  <reporter-output>
    <line>
      <![CDATA[Open Browser]]>
    </line>
    <line>
      <![CDATA[login the Application]]>
    </line>
    <line>
      <![CDATA[oganizationpage is displayed]]>
    </line>
    <line>
      <![CDATA[Creating New oganizationpage is displayed]]>
    </line>
    <line>
      <![CDATA[campaign is created with right msg is [ CAM** ] abc - Campaign Information   Updated today]]>
    </line>
    <line>
      <![CDATA[logout the Application]]>
    </line>
    <line>
      <![CDATA[close the Browser]]>
    </line>
    <line>
      <![CDATA[Open Browser]]>
    </line>
    <line>
      <![CDATA[login the Application]]>
    </line>
    <line>
      <![CDATA[oganizationpage is displayed]]>
    </line>
    <line>
      <![CDATA[Creating New oganizationpage is displayed]]>
    </line>
    <line>
      <![CDATA[Drop down table is appeared]]>
    </line>
    <line>
      <![CDATA[logout the Application]]>
    </line>
    <line>
      <![CDATA[close the Browser]]>
    </line>
    <line>
      <![CDATA[Open Browser]]>
    </line>
    <line>
      <![CDATA[login the Application]]>
    </line>
    <line>
      <![CDATA[oganizationpage is displayed]]>
    </line>
    <line>
      <![CDATA[Creating New oganizationpage is displayed]]>
    </line>
    <line>
      <![CDATA[campaign is created with right msg is [ CAM** ] abc - Campaign Information   Updated today]]>
    </line>
    <line>
      <![CDATA[logout the Application]]>
    </line>
    <line>
      <![CDATA[close the Browser]]>
    </line>
    <line>
      <![CDATA[Open Browser]]>
    </line>
    <line>
      <![CDATA[login the Application]]>
    </line>
    <line>
      <![CDATA[oganizationpage is displayed]]>
    </line>
    <line>
      <![CDATA[Creating New oganizationpage is displayed]]>
    </line>
    <line>
      <![CDATA[Drop down table is appeared]]>
    </line>
    <line>
      <![CDATA[logout the Application]]>
    </line>
    <line>
      <![CDATA[close the Browser]]>
    </line>
    <line>
      <![CDATA[Open Browser]]>
    </line>
    <line>
      <![CDATA[login the Application]]>
    </line>
    <line>
      <![CDATA[oganizationpage is displayed]]>
    </line>
    <line>
      <![CDATA[Creating New oganizationpage is displayed]]>
    </line>
    <line>
      <![CDATA[campaign is created with right msg is [ CAM** ] abc - Campaign Information   Updated today]]>
    </line>
    <line>
      <![CDATA[logout the Application]]>
    </line>
    <line>
      <![CDATA[close the Browser]]>
    </line>
  </reporter-output>
  <suite name="Suite" duration-ms="112679" started-at="2021-06-30T14:18:32Z" finished-at="2021-06-30T14:20:25Z">
    <groups>
    </groups>
    <test name="Test" duration-ms="112679" started-at="2021-06-30T14:18:32Z" finished-at="2021-06-30T14:20:25Z">
      <class name="com.vTiger.testscripts.TC_5Test">
        <test-method status="PASS" signature="openBrowser()[pri:0, instance:com.vTiger.testscripts.TC_5Test@6ba0ac]" name="openBrowser" is-config="true" duration-ms="1909" started-at="2021-06-30T14:20:00Z" finished-at="2021-06-30T14:20:02Z">
          <reporter-output>
            <line>
              <![CDATA[Open Browser]]>
            </line>
          </reporter-output>
        </test-method> <!-- openBrowser -->
        <test-method status="PASS" signature="loginVtiger()[pri:0, instance:com.vTiger.testscripts.TC_5Test@6ba0ac]" name="loginVtiger" is-config="true" duration-ms="5387" started-at="2021-06-30T14:20:02Z" finished-at="2021-06-30T14:20:07Z">
          <reporter-output>
            <line>
              <![CDATA[login the Application]]>
            </line>
          </reporter-output>
        </test-method> <!-- loginVtiger -->
        <test-method status="PASS" signature="testcase5()[pri:4, instance:com.vTiger.testscripts.TC_5Test@6ba0ac]" name="testcase5" duration-ms="14678" started-at="2021-06-30T14:20:07Z" finished-at="2021-06-30T14:20:22Z">
          <reporter-output>
            <line>
              <![CDATA[oganizationpage is displayed]]>
            </line>
            <line>
              <![CDATA[Creating New oganizationpage is displayed]]>
            </line>
            <line>
              <![CDATA[campaign is created with right msg is [ CAM** ] abc - Campaign Information   Updated today]]>
            </line>
          </reporter-output>
        </test-method> <!-- testcase5 -->
        <test-method status="PASS" signature="logoutVtiger()[pri:0, instance:com.vTiger.testscripts.TC_5Test@6ba0ac]" name="logoutVtiger" is-config="true" duration-ms="1433" started-at="2021-06-30T14:20:22Z" finished-at="2021-06-30T14:20:23Z">
          <reporter-output>
            <line>
              <![CDATA[logout the Application]]>
            </line>
          </reporter-output>
        </test-method> <!-- logoutVtiger -->
        <test-method status="PASS" signature="closeBrowser()[pri:0, instance:com.vTiger.testscripts.TC_5Test@6ba0ac]" name="closeBrowser" is-config="true" duration-ms="1783" started-at="2021-06-30T14:20:23Z" finished-at="2021-06-30T14:20:25Z">
          <reporter-output>
            <line>
              <![CDATA[close the Browser]]>
            </line>
          </reporter-output>
        </test-method> <!-- closeBrowser -->
      </class> <!-- com.vTiger.testscripts.TC_5Test -->
      <class name="com.vTiger.testscripts.Tc_3Test">
        <test-method status="PASS" signature="openBrowser()[pri:0, instance:com.vTiger.testscripts.Tc_3Test@14ba872]" name="openBrowser" is-config="true" duration-ms="1911" started-at="2021-06-30T14:19:20Z" finished-at="2021-06-30T14:19:22Z">
          <reporter-output>
            <line>
              <![CDATA[Open Browser]]>
            </line>
          </reporter-output>
        </test-method> <!-- openBrowser -->
        <test-method status="PASS" signature="loginVtiger()[pri:0, instance:com.vTiger.testscripts.Tc_3Test@14ba872]" name="loginVtiger" is-config="true" duration-ms="5093" started-at="2021-06-30T14:19:22Z" finished-at="2021-06-30T14:19:27Z">
          <reporter-output>
            <line>
              <![CDATA[login the Application]]>
            </line>
          </reporter-output>
        </test-method> <!-- loginVtiger -->
        <test-method status="PASS" signature="testcase3()[pri:2, instance:com.vTiger.testscripts.Tc_3Test@14ba872]" name="testcase3" duration-ms="13475" started-at="2021-06-30T14:19:27Z" finished-at="2021-06-30T14:19:40Z">
          <reporter-output>
            <line>
              <![CDATA[oganizationpage is displayed]]>
            </line>
            <line>
              <![CDATA[Creating New oganizationpage is displayed]]>
            </line>
            <line>
              <![CDATA[campaign is created with right msg is [ CAM** ] abc - Campaign Information   Updated today]]>
            </line>
          </reporter-output>
        </test-method> <!-- testcase3 -->
        <test-method status="PASS" signature="logoutVtiger()[pri:0, instance:com.vTiger.testscripts.Tc_3Test@14ba872]" name="logoutVtiger" is-config="true" duration-ms="1340" started-at="2021-06-30T14:19:40Z" finished-at="2021-06-30T14:19:42Z">
          <reporter-output>
            <line>
              <![CDATA[logout the Application]]>
            </line>
          </reporter-output>
        </test-method> <!-- logoutVtiger -->
        <test-method status="PASS" signature="closeBrowser()[pri:0, instance:com.vTiger.testscripts.Tc_3Test@14ba872]" name="closeBrowser" is-config="true" duration-ms="1475" started-at="2021-06-30T14:19:42Z" finished-at="2021-06-30T14:19:43Z">
          <reporter-output>
            <line>
              <![CDATA[close the Browser]]>
            </line>
          </reporter-output>
        </test-method> <!-- closeBrowser -->
      </class> <!-- com.vTiger.testscripts.Tc_3Test -->
      <class name="com.vTiger.testscripts.TC_2Test">
        <test-method status="PASS" signature="openBrowser()[pri:0, instance:com.vTiger.testscripts.TC_2Test@ebc39e]" name="openBrowser" is-config="true" duration-ms="1951" started-at="2021-06-30T14:19:03Z" finished-at="2021-06-30T14:19:05Z">
          <reporter-output>
            <line>
              <![CDATA[Open Browser]]>
            </line>
          </reporter-output>
        </test-method> <!-- openBrowser -->
        <test-method status="PASS" signature="loginVtiger()[pri:0, instance:com.vTiger.testscripts.TC_2Test@ebc39e]" name="loginVtiger" is-config="true" duration-ms="5253" started-at="2021-06-30T14:19:05Z" finished-at="2021-06-30T14:19:10Z">
          <reporter-output>
            <line>
              <![CDATA[login the Application]]>
            </line>
          </reporter-output>
        </test-method> <!-- loginVtiger -->
        <test-method status="PASS" signature="testcase2()[pri:1, instance:com.vTiger.testscripts.TC_2Test@ebc39e]" name="testcase2" duration-ms="6429" started-at="2021-06-30T14:19:10Z" finished-at="2021-06-30T14:19:16Z">
          <reporter-output>
            <line>
              <![CDATA[oganizationpage is displayed]]>
            </line>
            <line>
              <![CDATA[Creating New oganizationpage is displayed]]>
            </line>
            <line>
              <![CDATA[Drop down table is appeared]]>
            </line>
          </reporter-output>
        </test-method> <!-- testcase2 -->
        <test-method status="PASS" signature="logoutVtiger()[pri:0, instance:com.vTiger.testscripts.TC_2Test@ebc39e]" name="logoutVtiger" is-config="true" duration-ms="1518" started-at="2021-06-30T14:19:16Z" finished-at="2021-06-30T14:19:18Z">
          <reporter-output>
            <line>
              <![CDATA[logout the Application]]>
            </line>
          </reporter-output>
        </test-method> <!-- logoutVtiger -->
        <test-method status="PASS" signature="closeBrowser()[pri:0, instance:com.vTiger.testscripts.TC_2Test@ebc39e]" name="closeBrowser" is-config="true" duration-ms="1869" started-at="2021-06-30T14:19:18Z" finished-at="2021-06-30T14:19:20Z">
          <reporter-output>
            <line>
              <![CDATA[close the Browser]]>
            </line>
          </reporter-output>
        </test-method> <!-- closeBrowser -->
      </class> <!-- com.vTiger.testscripts.TC_2Test -->
      <class name="com.vTiger.testscripts.TC_01Test">
        <test-method status="PASS" signature="openBrowser()[pri:0, instance:com.vTiger.testscripts.TC_01Test@25b2fe]" name="openBrowser" is-config="true" duration-ms="3428" started-at="2021-06-30T14:18:32Z" finished-at="2021-06-30T14:18:36Z">
          <reporter-output>
            <line>
              <![CDATA[Open Browser]]>
            </line>
          </reporter-output>
        </test-method> <!-- openBrowser -->
        <test-method status="PASS" signature="loginVtiger()[pri:0, instance:com.vTiger.testscripts.TC_01Test@25b2fe]" name="loginVtiger" is-config="true" duration-ms="6196" started-at="2021-06-30T14:18:36Z" finished-at="2021-06-30T14:18:42Z">
          <reporter-output>
            <line>
              <![CDATA[login the Application]]>
            </line>
          </reporter-output>
        </test-method> <!-- loginVtiger -->
        <test-method status="PASS" signature="testcase1()[pri:0, instance:com.vTiger.testscripts.TC_01Test@25b2fe]" name="testcase1" duration-ms="17978" started-at="2021-06-30T14:18:42Z" finished-at="2021-06-30T14:19:00Z">
          <reporter-output>
            <line>
              <![CDATA[oganizationpage is displayed]]>
            </line>
            <line>
              <![CDATA[Creating New oganizationpage is displayed]]>
            </line>
            <line>
              <![CDATA[campaign is created with right msg is [ CAM** ] abc - Campaign Information   Updated today]]>
            </line>
          </reporter-output>
        </test-method> <!-- testcase1 -->
        <test-method status="PASS" signature="logoutVtiger()[pri:0, instance:com.vTiger.testscripts.TC_01Test@25b2fe]" name="logoutVtiger" is-config="true" duration-ms="1391" started-at="2021-06-30T14:19:00Z" finished-at="2021-06-30T14:19:01Z">
          <reporter-output>
            <line>
              <![CDATA[logout the Application]]>
            </line>
          </reporter-output>
        </test-method> <!-- logoutVtiger -->
        <test-method status="PASS" signature="closeBrowser()[pri:0, instance:com.vTiger.testscripts.TC_01Test@25b2fe]" name="closeBrowser" is-config="true" duration-ms="1548" started-at="2021-06-30T14:19:01Z" finished-at="2021-06-30T14:19:03Z">
          <reporter-output>
            <line>
              <![CDATA[close the Browser]]>
            </line>
          </reporter-output>
        </test-method> <!-- closeBrowser -->
      </class> <!-- com.vTiger.testscripts.TC_01Test -->
      <class name="com.vTiger.testscripts.TC_4Test">
        <test-method status="PASS" signature="openBrowser()[pri:0, instance:com.vTiger.testscripts.TC_4Test@1fa3a9d]" name="openBrowser" is-config="true" duration-ms="1943" started-at="2021-06-30T14:19:43Z" finished-at="2021-06-30T14:19:45Z">
          <reporter-output>
            <line>
              <![CDATA[Open Browser]]>
            </line>
          </reporter-output>
        </test-method> <!-- openBrowser -->
        <test-method status="PASS" signature="loginVtiger()[pri:0, instance:com.vTiger.testscripts.TC_4Test@1fa3a9d]" name="loginVtiger" is-config="true" duration-ms="5145" started-at="2021-06-30T14:19:45Z" finished-at="2021-06-30T14:19:50Z">
          <reporter-output>
            <line>
              <![CDATA[login the Application]]>
            </line>
          </reporter-output>
        </test-method> <!-- loginVtiger -->
        <test-method status="PASS" signature="testcase4()[pri:3, instance:com.vTiger.testscripts.TC_4Test@1fa3a9d]" name="testcase4" duration-ms="6529" started-at="2021-06-30T14:19:50Z" finished-at="2021-06-30T14:19:57Z">
          <reporter-output>
            <line>
              <![CDATA[oganizationpage is displayed]]>
            </line>
            <line>
              <![CDATA[Creating New oganizationpage is displayed]]>
            </line>
            <line>
              <![CDATA[Drop down table is appeared]]>
            </line>
          </reporter-output>
        </test-method> <!-- testcase4 -->
        <test-method status="PASS" signature="logoutVtiger()[pri:0, instance:com.vTiger.testscripts.TC_4Test@1fa3a9d]" name="logoutVtiger" is-config="true" duration-ms="1443" started-at="2021-06-30T14:19:57Z" finished-at="2021-06-30T14:19:58Z">
          <reporter-output>
            <line>
              <![CDATA[logout the Application]]>
            </line>
          </reporter-output>
        </test-method> <!-- logoutVtiger -->
        <test-method status="PASS" signature="closeBrowser()[pri:0, instance:com.vTiger.testscripts.TC_4Test@1fa3a9d]" name="closeBrowser" is-config="true" duration-ms="1524" started-at="2021-06-30T14:19:58Z" finished-at="2021-06-30T14:20:00Z">
          <reporter-output>
            <line>
              <![CDATA[close the Browser]]>
            </line>
          </reporter-output>
        </test-method> <!-- closeBrowser -->
      </class> <!-- com.vTiger.testscripts.TC_4Test -->
    </test> <!-- Test -->
  </suite> <!-- Suite -->
</testng-results>
